HTTPS ready on https://SFX-DEV-01:14027
Listening on 0.0.0.0:14027
🔍 [getDashboardStats] Début du calcul des statistiques...
📁 [getDashboardStats] Calcul des dossiers...
📁 [getDashboardStats] Total dossiers: 6
📁 [getDashboardStats] Dossiers en cours: 5
📁 [getDashboardStats] Dossiers terminés: 1
📦 [getDashboardStats] Calcul des colisages...
📦 [getDashboardStats] Total colisages: 106
👥 [getDashboardStats] Calcul des clients...
👥 [getDashboardStats] Total clients: 11
📅 [getDashboardStats] Début du mois: 2026-02-28T23:00:00.000Z
👥 [getDashboardStats] Clients ce mois: 0
💱 [getDashboardStats] Calcul des conversions...
💱 [getDashboardStats] Total conversions: 10
💱 [getDashboardStats] Conversions ce mois: 0
📊 [getDashboardStats] Statistiques calculées: {
  dossiers: { total: 6, enCours: 5, termines: 1 },
  colisages: { total: 106 },
  clients: { total: 11, actifsCeMois: 0 },
  conversions: { total: 10, ceMois: 0 }
}
🔍 [getDashboardStats] Début du calcul des statistiques...
📁 [getDashboardStats] Calcul des dossiers...
📁 [getDashboardStats] Total dossiers: 6
📁 [getDashboardStats] Dossiers en cours: 5
📁 [getDashboardStats] Dossiers terminés: 1
📦 [getDashboardStats] Calcul des colisages...
📦 [getDashboardStats] Total colisages: 106
👥 [getDashboardStats] Calcul des clients...
👥 [getDashboardStats] Total clients: 11
📅 [getDashboardStats] Début du mois: 2026-02-28T23:00:00.000Z
👥 [getDashboardStats] Clients ce mois: 0
💱 [getDashboardStats] Calcul des conversions...
💱 [getDashboardStats] Total conversions: 10
💱 [getDashboardStats] Conversions ce mois: 0
📊 [getDashboardStats] Statistiques calculées: {
  dossiers: { total: 6, enCours: 5, termines: 1 },
  colisages: { total: 106 },
  clients: { total: 11, actifsCeMois: 0 },
  conversions: { total: 10, ceMois: 0 }
}
🔍 [getDashboardStats] Début du calcul des statistiques...
📁 [getDashboardStats] Calcul des dossiers...
📁 [getDashboardStats] Total dossiers: 6
📁 [getDashboardStats] Dossiers en cours: 5
📁 [getDashboardStats] Dossiers terminés: 1
📦 [getDashboardStats] Calcul des colisages...
📦 [getDashboardStats] Total colisages: 106
👥 [getDashboardStats] Calcul des clients...
👥 [getDashboardStats] Total clients: 11
📅 [getDashboardStats] Début du mois: 2026-02-28T23:00:00.000Z
👥 [getDashboardStats] Clients ce mois: 0
💱 [getDashboardStats] Calcul des conversions...
💱 [getDashboardStats] Total conversions: 10
💱 [getDashboardStats] Conversions ce mois: 0
📊 [getDashboardStats] Statistiques calculées: {
  dossiers: { total: 6, enCours: 5, termines: 1 },
  colisages: { total: 106 },
  clients: { total: 11, actifsCeMois: 0 },
  conversions: { total: 10, ceMois: 0 }
}
dossierId 1
dossier {
  ID_Dossier: 1,
  ID_Branche: 0,
  Nom_Branche: 'DEFAULT BRANCH',
  ID_Entite: 0,
  Nom_Entite: 'DEFAULT ENTITY',
  ID_Groupe_Entite: 0,
  ID_Pays: 0,
  Libelle_Pays: 'DEFAULT COUNTRY',
  Devise_Locale: '',
  ID_Type_Dossier: 2,
  Libelle_Type_Dossier: 'Sea Export',
  ID_Sens_Trafic: '2',
  Libelle_Sens_Trafic: 'Export',
  ID_Mode_Transport: '1',
  Libelle_Mode_Transport: 'Sea',
  ID_Client: 4,
  Nom_Client: 'ADDAX PETROLEUM CAMEROON COMPANY',
  Description_Dossier: 'Exportations des potiers en Amérique',
  No_OT: '001',
  No_Dossier: 'CM25000090',
  Nbre_Paquetage_Pesee: 12,
  Poids_Brut_Pesee: 1500,
  Poids_Net_Pesee: 1520,
  Volume_Pesee: 20,
  Responsable_ID: 1,
  Nom_Responsable: 'TONBA LOIC',
  Date_Declaration: 2026-02-26T23:00:00.000Z,
  ID_Etape_Actuelle: 7,
  Libelle_Etape_Actuelle: 'Operations Completed',
  Circuit_Etape_Actuelle: '',
  Index_Etape_Actuelle: 1000000,
  Date_Debut_Etape_Actuelle: 2026-02-27T13:49:22.903Z,
  Date_Fin_Etape_Actuelle: 2026-02-27T13:49:22.903Z,
  Reference_Etape_Actuelle: null,
  Qte_Etape_Actuelle: 0,
  Obs_Etape_Actuelle: null,
  Retard_Etape_Actuelle: 0,
  Date_Ouverture_Dossier: 2026-02-19T00:00:00.000Z,
  Date_Cloture_Dossier: null,
  ID_Statut_Dossier: -1,
  Libelle_Statut_Dossier: 'Operations completed',
  Date_Creation: 2026-02-19T12:21:07.659Z,
  Nom_Creation: 'TONBA LOIC'
}
 [getNotesDetail] Début - dossierId: 1
 [getNotesDetail] Notes dans TNotesDetail (table directe): 151 lignes
 [getNotesDetail] Première note directe: {
  'ID Note Detail': 1,
  'Colisage Dossier': 19,
  Regime: 'TTC',
  'Nbre Paquetage': 0.02,
  Valeur: 1069.5,
  'Base Poids Brut': 3.1,
  'Base Poids Net': 3.14,
  'Base Volume': 0.04,
  Session: 0,
  'Date Creation': 2026-02-27T13:49:22.756Z,
  RowVer: Uint8Array(8) [
    0, 0,  0,   0,
    0, 0, 12, 168
  ]
}
 [getNotesDetail] Notes récupérées depuis VNotesDetail: 64 lignes
 [getNotesDetail] Première note (si existe): {
  ID_Dossier: 1,
  HS_Code: '27101930',
  Pays_Origine: 'Canada',
  ID_Regime_Declaration: 1,
  ID_Regime_Douanier: 0,
  Libelle_Regime_Douanier: '-',
  Libelle_Regime_Declaration: '100% DC',
  Regroupement_Client: 'RDR',
  Regime: '100% DC',
  Code_Devise: 'USD',
  Nbre_Paquetage: 0,
  Valeur: 139.17,
  Base_Poids_Brut: 0.4,
  Base_Poids_Net: 0.41,
  Base_Volume: 0.01
}
📊 [getNotesDetail] Notes sérialisées: 64 lignes
✅ [getNotesDetail] Notes mappées: 64 lignes
✅ [getNotesDetail] Retour: { success: true, dataLength: 64 }
[getTauxChangeDossier] Dossier 1, Date: Fri Feb 27 2026 00:00:00 GMT+0100 (heure normale d’Afrique de l’Ouest)
[getTauxChangeDossier] 1 taux récupérés: [
  {
    ID_Devise: 144,
    Code_Devise: 'USD',
    Taux_Change: '655.97',
    ID_Convertion: 9
  }
]
 [getNotesDetail] Début - dossierId: 1
 [getNotesDetail] Notes dans TNotesDetail (table directe): 151 lignes
 [getNotesDetail] Première note directe: {
  'ID Note Detail': 1,
  'Colisage Dossier': 19,
  Regime: 'TTC',
  'Nbre Paquetage': 0.02,
  Valeur: 1069.5,
  'Base Poids Brut': 3.1,
  'Base Poids Net': 3.14,
  'Base Volume': 0.04,
  Session: 0,
  'Date Creation': 2026-02-27T13:49:22.756Z,
  RowVer: Uint8Array(8) [
    0, 0,  0,   0,
    0, 0, 12, 168
  ]
}
 [getNotesDetail] Notes récupérées depuis VNotesDetail: 64 lignes
 [getNotesDetail] Première note (si existe): {
  ID_Dossier: 1,
  HS_Code: '27101930',
  Pays_Origine: 'Canada',
  ID_Regime_Declaration: 1,
  ID_Regime_Douanier: 0,
  Libelle_Regime_Douanier: '-',
  Libelle_Regime_Declaration: '100% DC',
  Regroupement_Client: 'RDR',
  Regime: '100% DC',
  Code_Devise: 'USD',
  Nbre_Paquetage: 0,
  Valeur: 139.17,
  Base_Poids_Brut: 0.4,
  Base_Poids_Net: 0.41,
  Base_Volume: 0.01
}
📊 [getNotesDetail] Notes sérialisées: 64 lignes
✅ [getNotesDetail] Notes mappées: 64 lignes
✅ [getNotesDetail] Retour: { success: true, dataLength: 64 }
[getTauxChangeDossier] Dossier 1, Date: Fri Feb 27 2026 00:00:00 GMT+0100 (heure normale d’Afrique de l’Ouest)
[getTauxChangeDossier] 1 taux récupérés: [
  {
    ID_Devise: 144,
    Code_Devise: 'USD',
    Taux_Change: '655.97',
    ID_Convertion: 9
  }
]
dossierId 1
 [getNotesDetail] Début - dossierId: 1
dossier {
  ID_Dossier: 1,
  ID_Branche: 0,
  Nom_Branche: 'DEFAULT BRANCH',
  ID_Entite: 0,
  Nom_Entite: 'DEFAULT ENTITY',
  ID_Groupe_Entite: 0,
  ID_Pays: 0,
  Libelle_Pays: 'DEFAULT COUNTRY',
  Devise_Locale: '',
  ID_Type_Dossier: 2,
  Libelle_Type_Dossier: 'Sea Export',
  ID_Sens_Trafic: '2',
  Libelle_Sens_Trafic: 'Export',
  ID_Mode_Transport: '1',
  Libelle_Mode_Transport: 'Sea',
  ID_Client: 4,
  Nom_Client: 'ADDAX PETROLEUM CAMEROON COMPANY',
  Description_Dossier: 'Exportations des potiers en Amérique',
  No_OT: '001',
  No_Dossier: 'CM25000090',
  Nbre_Paquetage_Pesee: 12,
  Poids_Brut_Pesee: 1500,
  Poids_Net_Pesee: 1520,
  Volume_Pesee: 20,
  Responsable_ID: 1,
  Nom_Responsable: 'TONBA LOIC',
  Date_Declaration: null,
  ID_Etape_Actuelle: 1,
  Libelle_Etape_Actuelle: 'File Opening',
  Circuit_Etape_Actuelle: '',
  Index_Etape_Actuelle: 0,
  Date_Debut_Etape_Actuelle: 2026-02-19T00:00:00.000Z,
  Date_Fin_Etape_Actuelle: 2026-02-19T00:00:00.000Z,
  Reference_Etape_Actuelle: null,
  Qte_Etape_Actuelle: 0,
  Obs_Etape_Actuelle: null,
  Retard_Etape_Actuelle: 0,
  Date_Ouverture_Dossier: 2026-02-19T00:00:00.000Z,
  Date_Cloture_Dossier: null,
  ID_Statut_Dossier: 0,
  Libelle_Statut_Dossier: 'Operations in progress',
  Date_Creation: 2026-02-19T12:21:07.659Z,
  Nom_Creation: 'TONBA LOIC'
}
 [getNotesDetail] Notes dans TNotesDetail (table directe): 0 lignes
 [getNotesDetail] Première note directe: AUCUNE
 [getNotesDetail] Notes récupérées depuis VNotesDetail: 0 lignes
 [getNotesDetail] Première note (si existe): AUCUNE
📊 [getNotesDetail] Notes sérialisées: 0 lignes
✅ [getNotesDetail] Notes mappées: 0 lignes
✅ [getNotesDetail] Retour: { success: true, dataLength: 0 }
dossierId 1
dossier {
  ID_Dossier: 1,
  ID_Branche: 0,
  Nom_Branche: 'DEFAULT BRANCH',
  ID_Entite: 0,
  Nom_Entite: 'DEFAULT ENTITY',
  ID_Groupe_Entite: 0,
  ID_Pays: 0,
  Libelle_Pays: 'DEFAULT COUNTRY',
  Devise_Locale: '',
  ID_Type_Dossier: 2,
  Libelle_Type_Dossier: 'Sea Export',
  ID_Sens_Trafic: '2',
  Libelle_Sens_Trafic: 'Export',
  ID_Mode_Transport: '1',
  Libelle_Mode_Transport: 'Sea',
  ID_Client: 4,
  Nom_Client: 'ADDAX PETROLEUM CAMEROON COMPANY',
  Description_Dossier: 'Exportations des potiers en Amérique',
  No_OT: '001',
  No_Dossier: 'CM25000090',
  Nbre_Paquetage_Pesee: 12,
  Poids_Brut_Pesee: 1500,
  Poids_Net_Pesee: 1520,
  Volume_Pesee: 20,
  Responsable_ID: 1,
  Nom_Responsable: 'TONBA LOIC',
  Date_Declaration: null,
  ID_Etape_Actuelle: 1,
  Libelle_Etape_Actuelle: 'File Opening',
  Circuit_Etape_Actuelle: '',
  Index_Etape_Actuelle: 0,
  Date_Debut_Etape_Actuelle: 2026-02-19T00:00:00.000Z,
  Date_Fin_Etape_Actuelle: 2026-02-19T00:00:00.000Z,
  Reference_Etape_Actuelle: null,
  Qte_Etape_Actuelle: 0,
  Obs_Etape_Actuelle: null,
  Retard_Etape_Actuelle: 0,
  Date_Ouverture_Dossier: 2026-02-19T00:00:00.000Z,
  Date_Cloture_Dossier: null,
  ID_Statut_Dossier: 0,
  Libelle_Statut_Dossier: 'Operations in progress',
  Date_Creation: 2026-02-19T12:21:07.659Z,
  Nom_Creation: 'TONBA LOIC'
}
[genererNotesDetail] DEBUT - Dossier: 1 Date: 2026-02-27T23:00:00.000Z
[genererNotesDetail] Étape 1: Vérification session
[genererNotesDetail] Étape 2: Récupération dossier
✅ [genererNotesDetail] Dossier trouvé - Statut: 0 Branche: 0
[genererNotesDetail] Étape 3: Vérification colisages
✅ [genererNotesDetail] Colisages trouvés: 106
📝 [genererNotesDetail] Étape 4: Vérification HS Code et régimes
✅ [genererNotesDetail] Tous les colisages ont HS Code et régime
[genererNotesDetail] Étape 5: Récupération branche et entité
✅ [genererNotesDetail] Branche trouvée - Entité: 0
[genererNotesDetail] Étape 6: Recherche conversion pour date: 2026-02-27T23:00:00.000Z
Date formatée: 2026-02-27
✅ [genererNotesDetail] Conversions trouvées: 1
Conversion ID: 10 Date: 2026-02-27T23:00:00.000Z
📝 [genererNotesDetail] Étape 6b: Vérification des taux de change
   Devises utilisées: USD
   Taux manquant pour devise: {
  ID_Devise: 144,
  Code_Devise: 'USD',
  Libelle_Devise: 'United States dollar'
}
❌ [genererNotesDetail] Taux manquants: 
[genererNotesDetail] DEBUT - Dossier: 1 Date: 2026-02-27T23:00:00.000Z
[genererNotesDetail] Étape 1: Vérification session
[genererNotesDetail] Étape 2: Récupération dossier
✅ [genererNotesDetail] Dossier trouvé - Statut: 0 Branche: 0
[genererNotesDetail] Étape 3: Vérification colisages
✅ [genererNotesDetail] Colisages trouvés: 106
📝 [genererNotesDetail] Étape 4: Vérification HS Code et régimes
✅ [genererNotesDetail] Tous les colisages ont HS Code et régime
[genererNotesDetail] Étape 5: Récupération branche et entité
✅ [genererNotesDetail] Branche trouvée - Entité: 0
[genererNotesDetail] Étape 6: Recherche conversion pour date: 2026-02-27T23:00:00.000Z
Date formatée: 2026-02-27
✅ [genererNotesDetail] Conversions trouvées: 1
Conversion ID: 10 Date: 2026-02-27T23:00:00.000Z
📝 [genererNotesDetail] Étape 6b: Vérification des taux de change
   Devises utilisées: USD
✅ [genererNotesDetail] Tous les taux de change existent
✅ [genererNotesDetail] FIN - SUCCESS
dossierId 1
dossierId 1
 [getNotesDetail] Début - dossierId: 1
dossier {
  ID_Dossier: 1,
  ID_Branche: 0,
  Nom_Branche: 'DEFAULT BRANCH',
  ID_Entite: 0,
  Nom_Entite: 'DEFAULT ENTITY',
  ID_Groupe_Entite: 0,
  ID_Pays: 0,
  Libelle_Pays: 'DEFAULT COUNTRY',
  Devise_Locale: '',
  ID_Type_Dossier: 2,
  Libelle_Type_Dossier: 'Sea Export',
  ID_Sens_Trafic: '2',
  Libelle_Sens_Trafic: 'Export',
  ID_Mode_Transport: '1',
  Libelle_Mode_Transport: 'Sea',
  ID_Client: 4,
  Nom_Client: 'ADDAX PETROLEUM CAMEROON COMPANY',
  Description_Dossier: 'Exportations des potiers en Amérique',
  No_OT: '001',
  No_Dossier: 'CM25000090',
  Nbre_Paquetage_Pesee: 12,
  Poids_Brut_Pesee: 1500,
  Poids_Net_Pesee: 1520,
  Volume_Pesee: 20,
  Responsable_ID: 1,
  Nom_Responsable: 'TONBA LOIC',
  Date_Declaration: 2026-02-27T23:00:00.000Z,
  ID_Etape_Actuelle: 8,
  Libelle_Etape_Actuelle: 'Operations Completed',
  Circuit_Etape_Actuelle: '',
  Index_Etape_Actuelle: 1000000,
  Date_Debut_Etape_Actuelle: 2026-03-04T18:33:41.473Z,
  Date_Fin_Etape_Actuelle: 2026-03-04T18:33:41.473Z,
  Reference_Etape_Actuelle: null,
  Qte_Etape_Actuelle: 0,
  Obs_Etape_Actuelle: null,
  Retard_Etape_Actuelle: 0,
  Date_Ouverture_Dossier: 2026-02-19T00:00:00.000Z,
  Date_Cloture_Dossier: null,
  ID_Statut_Dossier: -1,
  Libelle_Statut_Dossier: 'Operations completed',
  Date_Creation: 2026-02-19T12:21:07.659Z,
  Nom_Creation: 'TONBA LOIC'
}
dossier {
  ID_Dossier: 1,
  ID_Branche: 0,
  Nom_Branche: 'DEFAULT BRANCH',
  ID_Entite: 0,
  Nom_Entite: 'DEFAULT ENTITY',
  ID_Groupe_Entite: 0,
  ID_Pays: 0,
  Libelle_Pays: 'DEFAULT COUNTRY',
  Devise_Locale: '',
  ID_Type_Dossier: 2,
  Libelle_Type_Dossier: 'Sea Export',
  ID_Sens_Trafic: '2',
  Libelle_Sens_Trafic: 'Export',
  ID_Mode_Transport: '1',
  Libelle_Mode_Transport: 'Sea',
  ID_Client: 4,
  Nom_Client: 'ADDAX PETROLEUM CAMEROON COMPANY',
  Description_Dossier: 'Exportations des potiers en Amérique',
  No_OT: '001',
  No_Dossier: 'CM25000090',
  Nbre_Paquetage_Pesee: 12,
  Poids_Brut_Pesee: 1500,
  Poids_Net_Pesee: 1520,
  Volume_Pesee: 20,
  Responsable_ID: 1,
  Nom_Responsable: 'TONBA LOIC',
  Date_Declaration: 2026-02-27T23:00:00.000Z,
  ID_Etape_Actuelle: 8,
  Libelle_Etape_Actuelle: 'Operations Completed',
  Circuit_Etape_Actuelle: '',
  Index_Etape_Actuelle: 1000000,
  Date_Debut_Etape_Actuelle: 2026-03-04T18:33:41.473Z,
  Date_Fin_Etape_Actuelle: 2026-03-04T18:33:41.473Z,
  Reference_Etape_Actuelle: null,
  Qte_Etape_Actuelle: 0,
  Obs_Etape_Actuelle: null,
  Retard_Etape_Actuelle: 0,
  Date_Ouverture_Dossier: 2026-02-19T00:00:00.000Z,
  Date_Cloture_Dossier: null,
  ID_Statut_Dossier: -1,
  Libelle_Statut_Dossier: 'Operations completed',
  Date_Creation: 2026-02-19T12:21:07.659Z,
  Nom_Creation: 'TONBA LOIC'
}
 [getNotesDetail] Notes dans TNotesDetail (table directe): 151 lignes
 [getNotesDetail] Première note directe: {
  'ID Note Detail': 152,
  'Colisage Dossier': 19,
  Regime: 'TTC',
  'Nbre Paquetage': 0.02,
  Valeur: 1069.5,
  'Base Poids Brut': 3.1,
  'Base Poids Net': 3.14,
  'Base Volume': 0.04,
  Session: 0,
  'Date Creation': 2026-03-04T18:33:41.363Z,
  RowVer: Uint8Array(8) [
    0, 0,  0,  0,
    0, 0, 14, 20
  ]
}
 [getNotesDetail] Notes récupérées depuis VNotesDetail: 64 lignes
 [getNotesDetail] Première note (si existe): {
  ID_Dossier: 1,
  HS_Code: '27101930',
  Pays_Origine: 'Canada',
  ID_Regime_Declaration: 1,
  ID_Regime_Douanier: 0,
  Libelle_Regime_Douanier: '-',
  Libelle_Regime_Declaration: '100% DC',
  Regroupement_Client: 'RDR',
  Regime: '100% DC',
  Code_Devise: 'USD',
  Nbre_Paquetage: 0,
  Valeur: 139.17,
  Base_Poids_Brut: 0.4,
  Base_Poids_Net: 0.41,
  Base_Volume: 0.01
}
📊 [getNotesDetail] Notes sérialisées: 64 lignes
✅ [getNotesDetail] Notes mappées: 64 lignes
✅ [getNotesDetail] Retour: { success: true, dataLength: 64 }
[getTauxChangeDossier] Dossier 1, Date: Sat Feb 28 2026 00:00:00 GMT+0100 (heure normale d’Afrique de l’Ouest)
[getTauxChangeDossier] 1 taux récupérés: [
  {
    ID_Devise: 144,
    Code_Devise: 'USD',
    Taux_Change: '655.957',
    ID_Convertion: 10
  }
]
